2024-04-28 17:01:37,411	WARNING	{'msg': 'Invalid API access key supplied'}
2024-04-28 17:01:37,432	INFO	[31m[1mWARNING: This is a development server. Do not use it in a production deployment. Use a production WSGI server instead.[0m
 * Running on all addresses (0.0.0.0)
 * Running on http://127.0.0.1:5000
 * Running on http://10.150.136.55:5000
2024-04-28 17:01:37,432	INFO	[33mPress CTRL+C to quit[0m
2024-04-28 17:01:37,433	INFO	 * Restarting with stat
2024-04-28 17:01:38,227	WARNING	{'msg': 'Invalid API access key supplied'}
2024-04-28 17:01:38,239	WARNING	 * Debugger is active!
2024-04-28 17:01:38,256	INFO	 * Debugger PIN: 103-051-569
2024-04-28 17:02:18,259	INFO	 * Detected change in '/Users/caitlin/MSCAPP/cta-hackathon-2024/user.py', reloading
2024-04-28 17:02:18,341	INFO	 * Restarting with stat
2024-04-28 17:02:19,154	WARNING	{'msg': 'Invalid API access key supplied'}
2024-04-28 17:02:19,172	WARNING	 * Debugger is active!
2024-04-28 17:02:19,185	INFO	 * Debugger PIN: 103-051-569
2024-04-28 17:02:25,528	INFO	 * Detected change in '/Users/caitlin/MSCAPP/cta-hackathon-2024/user.py', reloading
2024-04-28 17:02:25,608	INFO	 * Restarting with stat
2024-04-28 17:02:26,267	WARNING	{'msg': 'Invalid API access key supplied'}
2024-04-28 17:02:26,275	WARNING	 * Debugger is active!
2024-04-28 17:02:26,288	INFO	 * Debugger PIN: 103-051-569
2024-04-28 17:02:46,262	INFO	 * Detected change in '/Users/caitlin/MSCAPP/cta-hackathon-2024/user.py', reloading
2024-04-28 17:02:46,350	INFO	 * Restarting with stat
2024-04-28 17:02:47,168	WARNING	{'msg': 'Invalid API access key supplied'}
2024-04-28 17:02:47,187	WARNING	 * Debugger is active!
2024-04-28 17:02:47,201	INFO	 * Debugger PIN: 103-051-569
2024-04-28 17:03:34,492	INFO	 * Detected change in '/Users/caitlin/MSCAPP/cta-hackathon-2024/routes.py', reloading
2024-04-28 17:03:34,585	INFO	 * Restarting with stat
2024-04-28 17:03:35,263	WARNING	 * Debugger is active!
2024-04-28 17:03:35,270	INFO	 * Debugger PIN: 103-051-569
2024-04-28 17:03:38,116	INFO	[31m[1mWARNING: This is a development server. Do not use it in a production deployment. Use a production WSGI server instead.[0m
 * Running on all addresses (0.0.0.0)
 * Running on http://127.0.0.1:5000
 * Running on http://10.150.136.55:5000
2024-04-28 17:03:38,116	INFO	[33mPress CTRL+C to quit[0m
2024-04-28 17:03:38,116	INFO	 * Restarting with stat
2024-04-28 17:03:38,600	WARNING	 * Debugger is active!
2024-04-28 17:03:38,606	INFO	 * Debugger PIN: 103-051-569
